	Command being timed: "./QscoreDist.py -r1 /projects/bgmp/shared/2017_sequencing/1294_S1_L008_R1_001.fastq.gz -r2 /projects/bgmp/shared/2017_sequencing/1294_S1_L008_R2_001.fastq.gz -r3 /projects/bgmp/shared/2017_sequencing/1294_S1_L008_R3_001.fastq.gz -r4 /projects/bgmp/shared/2017_sequencing/1294_S1_L008_R4_001.fastq.gz"
	User time (seconds): 15724.60
	System time (seconds): 9.09
	Percent of CPU this job got: 99%
	Elapsed (wall clock) time (h:mm:ss or m:ss): 4:22:57
	Average shared text size (kbytes): 0
	Average unshared data size (kbytes): 0
	Average stack size (kbytes): 0
	Average total size (kbytes): 0
	Maximum resident set size (kbytes): 79296
	Average resident set size (kbytes): 0
	Major (requiring I/O) page faults: 0
	Minor (reclaiming a frame) page faults: 225914
	Voluntary context switches: 1838
	Involuntary context switches: 39759
	Swaps: 0
	File system inputs: 0
	File system outputs: 0
	Socket messages sent: 0
	Socket messages received: 0
	Signals delivered: 0
	Page size (bytes): 4096
	Exit status: 0
